[2m2021-11-20 23:06:18.109[0;39m [32m INFO[0;39m [35m18728[0;39m [2m---[0;39m [2m[  restartedMain][0;39m [36mo.s.b.w.embedded.tomcat.TomcatWebServer [0;39m [2m:[0;39m Tomcat initialized with port(s): 80 (http)
[2m2021-11-20 23:06:18.145[0;39m [32m INFO[0;39m [35m18728[0;39m [2m---[0;39m [2m[  restartedMain][0;39m [36mw.s.c.ServletWebServerApplicationContext[0;39m [2m:[0;39m Root WebApplicationContext: initialization completed in 313 ms
[2m2021-11-20 23:06:18.271[0;39m [32m INFO[0;39m [35m18728[0;39m [2m---[0;39m [2m[  restartedMain][0;39m [36mo.s.b.d.a.OptionalLiveReloadServer      [0;39m [2m:[0;39m LiveReload server is running on port 35729
[2m2021-11-20 23:06:18.327[0;39m [32m INFO[0;39m [35m18728[0;39m [2m---[0;39m [2m[  restartedMain][0;39m [36mo.s.b.w.embedded.tomcat.TomcatWebServer [0;39m [2m:[0;39m Tomcat started on port(s): 80 (http) with context path '/vue'
[2m2021-11-20 23:06:18.351[0;39m [32m INFO[0;39m [35m18728[0;39m [2m---[0;39m [2m[  restartedMain][0;39m [36m.ConditionEvaluationDeltaLoggingListener[0;39m [2m:[0;39m Condition evaluation unchanged
[2m2021-11-20 23:06:35.825[0;39m [32m INFO[0;39m [35m18728[0;39m [2m---[0;39m [2m[  restartedMain][0;39m [36mo.s.b.w.embedded.tomcat.TomcatWebServer [0;39m [2m:[0;39m Tomcat initialized with port(s): 80 (http)
[2m2021-11-20 23:06:35.863[0;39m [32m INFO[0;39m [35m18728[0;39m [2m---[0;39m [2m[  restartedMain][0;39m [36mw.s.c.ServletWebServerApplicationContext[0;39m [2m:[0;39m Root WebApplicationContext: initialization completed in 282 ms
[2m2021-11-20 23:06:35.991[0;39m [32m INFO[0;39m [35m18728[0;39m [2m---[0;39m [2m[  restartedMain][0;39m [36mo.s.b.d.a.OptionalLiveReloadServer      [0;39m [2m:[0;39m LiveReload server is running on port 35729
[2m2021-11-20 23:06:36.040[0;39m [32m INFO[0;39m [35m18728[0;39m [2m---[0;39m [2m[  restartedMain][0;39m [36mo.s.b.w.embedded.tomcat.TomcatWebServer [0;39m [2m:[0;39m Tomcat started on port(s): 80 (http) with context path '/vue'
[2m2021-11-20 23:06:36.053[0;39m [32m INFO[0;39m [35m18728[0;39m [2m---[0;39m [2m[  restartedMain][0;39m [36m.ConditionEvaluationDeltaLoggingListener[0;39m [2m:[0;39m Condition evaluation unchanged
[2m2021-11-20 23:06:44.669[0;39m [32m INFO[0;39m [35m18728[0;39m [2m---[0;39m [2m[p-nio-80-exec-1][0;39m [36mo.s.web.servlet.DispatcherServlet       [0;39m [2m:[0;39m Initializing Servlet 'dispatcherServlet'
[2m2021-11-20 23:06:44.671[0;39m [32m INFO[0;39m [35m18728[0;39m [2m---[0;39m [2m[p-nio-80-exec-1][0;39m [36mo.s.web.servlet.DispatcherServlet       [0;39m [2m:[0;39m Completed initialization in 1 ms
[2m2021-11-20 23:09:09.446[0;39m [32m INFO[0;39m [35m18728[0;39m [2m---[0;39m [2m[  restartedMain][0;39m [36mo.s.b.w.embedded.tomcat.TomcatWebServer [0;39m [2m:[0;39m Tomcat initialized with port(s): 80 (http)
[2m2021-11-20 23:09:09.495[0;39m [32m INFO[0;39m [35m18728[0;39m [2m---[0;39m [2m[  restartedMain][0;39m [36mw.s.c.ServletWebServerApplicationContext[0;39m [2m:[0;39m Root WebApplicationContext: initialization completed in 413 ms
[2m2021-11-20 23:09:09.667[0;39m [32m INFO[0;39m [35m18728[0;39m [2m---[0;39m [2m[  restartedMain][0;39m [36mo.s.b.d.a.OptionalLiveReloadServer      [0;39m [2m:[0;39m LiveReload server is running on port 35729
[2m2021-11-20 23:09:09.725[0;39m [32m INFO[0;39m [35m18728[0;39m [2m---[0;39m [2m[  restartedMain][0;39m [36mo.s.b.w.embedded.tomcat.TomcatWebServer [0;39m [2m:[0;39m Tomcat started on port(s): 80 (http) with context path '/vue'
[2m2021-11-20 23:09:09.742[0;39m [32m INFO[0;39m [35m18728[0;39m [2m---[0;39m [2m[  restartedMain][0;39m [36m.ConditionEvaluationDeltaLoggingListener[0;39m [2m:[0;39m Condition evaluation unchanged
[2m2021-11-20 23:13:38.544[0;39m [32m INFO[0;39m [35m18728[0;39m [2m---[0;39m [2m[  restartedMain][0;39m [36mo.s.b.w.embedded.tomcat.TomcatWebServer [0;39m [2m:[0;39m Tomcat initialized with port(s): 80 (http)
[2m2021-11-20 23:13:38.596[0;39m [32m INFO[0;39m [35m18728[0;39m [2m---[0;39m [2m[  restartedMain][0;39m [36mw.s.c.ServletWebServerApplicationContext[0;39m [2m:[0;39m Root WebApplicationContext: initialization completed in 475 ms
[2m2021-11-20 23:13:38.797[0;39m [32m INFO[0;39m [35m18728[0;39m [2m---[0;39m [2m[  restartedMain][0;39m [36mo.s.b.d.a.OptionalLiveReloadServer      [0;39m [2m:[0;39m LiveReload server is running on port 35729
[2m2021-11-20 23:13:38.877[0;39m [32m INFO[0;39m [35m18728[0;39m [2m---[0;39m [2m[  restartedMain][0;39m [36mo.s.b.w.embedded.tomcat.TomcatWebServer [0;39m [2m:[0;39m Tomcat started on port(s): 80 (http) with context path '/vue'
[2m2021-11-20 23:13:38.896[0;39m [32m INFO[0;39m [35m18728[0;39m [2m---[0;39m [2m[  restartedMain][0;39m [36m.ConditionEvaluationDeltaLoggingListener[0;39m [2m:[0;39m Condition evaluation unchanged
[2m2021-11-20 23:16:04.137[0;39m [32m INFO[0;39m [35m18728[0;39m [2m---[0;39m [2m[p-nio-80-exec-1][0;39m [36mo.s.web.servlet.DispatcherServlet       [0;39m [2m:[0;39m Initializing Servlet 'dispatcherServlet'
[2m2021-11-20 23:16:04.138[0;39m [32m INFO[0;39m [35m18728[0;39m [2m---[0;39m [2m[p-nio-80-exec-1][0;39m [36mo.s.web.servlet.DispatcherServlet       [0;39m [2m:[0;39m Completed initialization in 0 ms
[2m2021-11-20 23:16:04.209[0;39m [32mDEBUG[0;39m [35m18728[0;39m [2m---[0;39m [2m[p-nio-80-exec-1][0;39m [36mc.s.h.controller.UserController         [0;39m [2m:[0;39m 로그인 토큰정보 : eyJ0eXAiOiJKV1QiLCJyZWdEYXRlIjoxNjM3NDE3NzY0MTgyLCJhbGciOiJIUzI1NiJ9.eyJleHAiOjE2Mzc0MjEzNjQsInN1YiI6ImFjY2Vzcy10b2tlbiIsInVzZXJJZCI6ImtqaW40MSJ9.X3KCd3eKynaUCStf0dHWJJG7cScsRA2PTaiMBK7kepg
[2m2021-11-20 23:16:04.231[0;39m [32mDEBUG[0;39m [35m18728[0;39m [2m---[0;39m [2m[p-nio-80-exec-3][0;39m [36mc.s.h.controller.UserController         [0;39m [2m:[0;39m userId : kjin41 
[2m2021-11-20 23:16:04.248[0;39m [32m INFO[0;39m [35m18728[0;39m [2m---[0;39m [2m[p-nio-80-exec-3][0;39m [36mc.s.h.controller.UserController         [0;39m [2m:[0;39m 사용 가능한 토큰!!!
[2m2021-11-20 23:17:31.513[0;39m [32mDEBUG[0;39m [35m18728[0;39m [2m---[0;39m [2m[p-nio-80-exec-7][0;39m [36mc.s.h.controller.UserController         [0;39m [2m:[0;39m 로그인 토큰정보 : eyJ0eXAiOiJKV1QiLCJyZWdEYXRlIjoxNjM3NDE3ODUxNTEyLCJhbGciOiJIUzI1NiJ9.eyJleHAiOjE2Mzc0MjE0NTEsInN1YiI6ImFjY2Vzcy10b2tlbiIsInVzZXJJZCI6ImtqaW40MSJ9.6KNRqUw06ZH8BeWfJ2wJ-te9EKtBxQmqVUzxXqKrsec
[2m2021-11-20 23:17:31.529[0;39m [32mDEBUG[0;39m [35m18728[0;39m [2m---[0;39m [2m[p-nio-80-exec-8][0;39m [36mc.s.h.controller.UserController         [0;39m [2m:[0;39m userId : kjin41 
[2m2021-11-20 23:17:31.531[0;39m [32m INFO[0;39m [35m18728[0;39m [2m---[0;39m [2m[p-nio-80-exec-8][0;39m [36mc.s.h.controller.UserController         [0;39m [2m:[0;39m 사용 가능한 토큰!!!
[2m2021-11-20 23:32:00.141[0;39m [32mDEBUG[0;39m [35m18728[0;39m [2m---[0;39m [2m[p-nio-80-exec-2][0;39m [36mc.s.h.controller.UserController         [0;39m [2m:[0;39m 로그인 토큰정보 : eyJ0eXAiOiJKV1QiLCJyZWdEYXRlIjoxNjM3NDE4NzIwMTQwLCJhbGciOiJIUzI1NiJ9.eyJleHAiOjE2Mzc0MjIzMjAsInN1YiI6ImFjY2Vzcy10b2tlbiIsInVzZXJJZCI6ImtqaW40MSJ9.JB0kbF7E0xYAJXexsFEhuX-H7roApiQ8dwZC_0r8Mv0
[2m2021-11-20 23:32:00.156[0;39m [32mDEBUG[0;39m [35m18728[0;39m [2m---[0;39m [2m[p-nio-80-exec-3][0;39m [36mc.s.h.controller.UserController         [0;39m [2m:[0;39m userId : kjin41 
[2m2021-11-20 23:32:00.158[0;39m [32m INFO[0;39m [35m18728[0;39m [2m---[0;39m [2m[p-nio-80-exec-3][0;39m [36mc.s.h.controller.UserController         [0;39m [2m:[0;39m 사용 가능한 토큰!!!
[2m2021-11-20 23:32:34.011[0;39m [32m INFO[0;39m [35m18728[0;39m [2m---[0;39m [2m[p-nio-80-exec-4][0;39m [36mc.s.h.controller.NoticeController       [0;39m [2m:[0;39m notice list 호출
[2m2021-11-20 23:32:39.405[0;39m [32m INFO[0;39m [35m18728[0;39m [2m---[0;39m [2m[p-nio-80-exec-5][0;39m [36mc.s.h.controller.NoticeController       [0;39m [2m:[0;39m register notice 호출
[2m2021-11-20 23:32:39.441[0;39m [32m INFO[0;39m [35m18728[0;39m [2m---[0;39m [2m[p-nio-80-exec-6][0;39m [36mc.s.h.controller.NoticeController       [0;39m [2m:[0;39m notice list 호출
[2m2021-11-20 23:33:10.848[0;39m [32m INFO[0;39m [35m18728[0;39m [2m---[0;39m [2m[p-nio-80-exec-7][0;39m [36mc.s.h.controller.NoticeController       [0;39m [2m:[0;39m notice list 호출
[2m2021-11-20 23:34:26.653[0;39m [32m INFO[0;39m [35m18728[0;39m [2m---[0;39m [2m[p-nio-80-exec-9][0;39m [36mc.s.h.controller.NoticeController       [0;39m [2m:[0;39m notice list 호출
[2m2021-11-20 23:38:01.712[0;39m [32m INFO[0;39m [35m18728[0;39m [2m---[0;39m [2m[p-nio-80-exec-1][0;39m [36mc.s.h.controller.NoticeController       [0;39m [2m:[0;39m notice list 호출
[2m2021-11-20 23:38:08.808[0;39m [32mDEBUG[0;39m [35m18728[0;39m [2m---[0;39m [2m[p-nio-80-exec-2][0;39m [36mc.s.h.controller.UserController         [0;39m [2m:[0;39m 로그인 토큰정보 : eyJ0eXAiOiJKV1QiLCJyZWdEYXRlIjoxNjM3NDE5MDg4ODA4LCJhbGciOiJIUzI1NiJ9.eyJleHAiOjE2Mzc0MjI2ODgsInN1YiI6ImFjY2Vzcy10b2tlbiIsInVzZXJJZCI6ImtqaW40MSJ9.r2V-EdQZgXK2LzaJFn9NL1j3Lu7u36z6KvYPKyVjao4
[2m2021-11-20 23:38:08.817[0;39m [32mDEBUG[0;39m [35m18728[0;39m [2m---[0;39m [2m[p-nio-80-exec-3][0;39m [36mc.s.h.controller.UserController         [0;39m [2m:[0;39m userId : kjin41 
[2m2021-11-20 23:38:08.818[0;39m [32m INFO[0;39m [35m18728[0;39m [2m---[0;39m [2m[p-nio-80-exec-3][0;39m [36mc.s.h.controller.UserController         [0;39m [2m:[0;39m 사용 가능한 토큰!!!
[2m2021-11-20 23:38:11.821[0;39m [32m INFO[0;39m [35m18728[0;39m [2m---[0;39m [2m[p-nio-80-exec-4][0;39m [36mc.s.h.controller.NoticeController       [0;39m [2m:[0;39m notice list 호출
[2m2021-11-20 23:39:48.812[0;39m [32m INFO[0;39m [35m18728[0;39m [2m---[0;39m [2m[p-nio-80-exec-6][0;39m [36mc.s.h.controller.NoticeController       [0;39m [2m:[0;39m detail 호출
[2m2021-11-20 23:39:50.055[0;39m [32m INFO[0;39m [35m18728[0;39m [2m---[0;39m [2m[p-nio-80-exec-7][0;39m [36mc.s.h.controller.NoticeController       [0;39m [2m:[0;39m notice list 호출
[2m2021-11-20 23:39:51.219[0;39m [32m INFO[0;39m [35m18728[0;39m [2m---[0;39m [2m[p-nio-80-exec-8][0;39m [36mc.s.h.controller.NoticeController       [0;39m [2m:[0;39m detail 호출
[2m2021-11-20 23:39:52.206[0;39m [32m INFO[0;39m [35m18728[0;39m [2m---[0;39m [2m[p-nio-80-exec-9][0;39m [36mc.s.h.controller.NoticeController       [0;39m [2m:[0;39m notice list 호출
[2m2021-11-20 23:41:22.687[0;39m [32m INFO[0;39m [35m18728[0;39m [2m---[0;39m [2m[p-nio-80-exec-1][0;39m [36mc.s.h.controller.NoticeController       [0;39m [2m:[0;39m notice list 호출
[2m2021-11-20 23:48:26.084[0;39m [32m INFO[0;39m [35m18728[0;39m [2m---[0;39m [2m[p-nio-80-exec-3][0;39m [36mc.s.h.controller.NoticeController       [0;39m [2m:[0;39m notice list 호출
[2m2021-11-20 23:49:44.398[0;39m [32m INFO[0;39m [35m18728[0;39m [2m---[0;39m [2m[p-nio-80-exec-5][0;39m [36mc.s.h.controller.NoticeController       [0;39m [2m:[0;39m notice list 호출
[2m2021-11-20 23:50:49.052[0;39m [32m INFO[0;39m [35m18728[0;39m [2m---[0;39m [2m[p-nio-80-exec-7][0;39m [36mc.s.h.controller.NoticeController       [0;39m [2m:[0;39m notice list 호출
[2m2021-11-20 23:50:58.097[0;39m [32m INFO[0;39m [35m18728[0;39m [2m---[0;39m [2m[p-nio-80-exec-8][0;39m [36mc.s.h.controller.NoticeController       [0;39m [2m:[0;39m notice list 호출
[2m2021-11-20 23:52:03.297[0;39m [32m INFO[0;39m [35m18728[0;39m [2m---[0;39m [2m[-nio-80-exec-10][0;39m [36mc.s.h.controller.NoticeController       [0;39m [2m:[0;39m notice list 호출
[2m2021-11-20 23:52:29.520[0;39m [32m INFO[0;39m [35m18728[0;39m [2m---[0;39m [2m[p-nio-80-exec-1][0;39m [36mc.s.h.controller.NoticeController       [0;39m [2m:[0;39m notice list 호출
[2m2021-11-20 23:52:59.723[0;39m [32m INFO[0;39m [35m18728[0;39m [2m---[0;39m [2m[p-nio-80-exec-2][0;39m [36mc.s.h.controller.NoticeController       [0;39m [2m:[0;39m detail 호출
[2m2021-11-20 23:53:01.950[0;39m [32m INFO[0;39m [35m18728[0;39m [2m---[0;39m [2m[p-nio-80-exec-3][0;39m [36mc.s.h.controller.NoticeController       [0;39m [2m:[0;39m notice list 호출
[2m2021-11-20 23:54:59.396[0;39m [32mDEBUG[0;39m [35m18728[0;39m [2m---[0;39m [2m[p-nio-80-exec-5][0;39m [36mc.s.h.controller.UserController         [0;39m [2m:[0;39m 로그인 토큰정보 : eyJ0eXAiOiJKV1QiLCJyZWdEYXRlIjoxNjM3NDIwMDk5Mzk2LCJhbGciOiJIUzI1NiJ9.eyJleHAiOjE2Mzc0MjM2OTksInN1YiI6ImFjY2Vzcy10b2tlbiIsInVzZXJJZCI6ImtqaW40MSJ9._R4pmDHGE8xejdJdrp2SJBjcaqwjCMl13JxtVMgdp_c
[2m2021-11-20 23:54:59.403[0;39m [32mDEBUG[0;39m [35m18728[0;39m [2m---[0;39m [2m[p-nio-80-exec-6][0;39m [36mc.s.h.controller.UserController         [0;39m [2m:[0;39m userId : kjin41 
[2m2021-11-20 23:54:59.404[0;39m [32m INFO[0;39m [35m18728[0;39m [2m---[0;39m [2m[p-nio-80-exec-6][0;39m [36mc.s.h.controller.UserController         [0;39m [2m:[0;39m 사용 가능한 토큰!!!
[2m2021-11-20 23:55:15.591[0;39m [32m INFO[0;39m [35m18728[0;39m [2m---[0;39m [2m[p-nio-80-exec-7][0;39m [36mc.s.h.controller.NoticeController       [0;39m [2m:[0;39m notice list 호출
[2m2021-11-20 23:56:02.989[0;39m [32m INFO[0;39m [35m18728[0;39m [2m---[0;39m [2m[p-nio-80-exec-8][0;39m [36mc.s.h.controller.NoticeController       [0;39m [2m:[0;39m notice list 호출
[2m2021-11-20 23:56:12.112[0;39m [32mDEBUG[0;39m [35m18728[0;39m [2m---[0;39m [2m[p-nio-80-exec-9][0;39m [36mc.s.h.controller.UserController         [0;39m [2m:[0;39m 로그인 토큰정보 : eyJ0eXAiOiJKV1QiLCJyZWdEYXRlIjoxNjM3NDIwMTcyMTEyLCJhbGciOiJIUzI1NiJ9.eyJleHAiOjE2Mzc0MjM3NzIsInN1YiI6ImFjY2Vzcy10b2tlbiIsInVzZXJJZCI6ImtqaW40MSJ9.7y8i3aGS3_qwfHRQZKgJd3jMSPjivQkNJ5Vg40zRZ6I
[2m2021-11-20 23:56:12.127[0;39m [32mDEBUG[0;39m [35m18728[0;39m [2m---[0;39m [2m[-nio-80-exec-10][0;39m [36mc.s.h.controller.UserController         [0;39m [2m:[0;39m userId : kjin41 
[2m2021-11-20 23:56:12.129[0;39m [32m INFO[0;39m [35m18728[0;39m [2m---[0;39m [2m[-nio-80-exec-10][0;39m [36mc.s.h.controller.UserController         [0;39m [2m:[0;39m 사용 가능한 토큰!!!
[2m2021-11-20 23:56:26.817[0;39m [32m INFO[0;39m [35m18728[0;39m [2m---[0;39m [2m[p-nio-80-exec-1][0;39m [36mc.s.h.controller.NoticeController       [0;39m [2m:[0;39m notice list 호출
[2m2021-11-20 23:57:27.142[0;39m [32m INFO[0;39m [35m18728[0;39m [2m---[0;39m [2m[p-nio-80-exec-2][0;39m [36mc.s.h.controller.NoticeController       [0;39m [2m:[0;39m detail 호출
[2m2021-11-20 23:57:28.281[0;39m [32m INFO[0;39m [35m18728[0;39m [2m---[0;39m [2m[p-nio-80-exec-3][0;39m [36mc.s.h.controller.NoticeController       [0;39m [2m:[0;39m notice list 호출
[2m2021-11-20 23:58:33.304[0;39m [32m INFO[0;39m [35m18728[0;39m [2m---[0;39m [2m[p-nio-80-exec-5][0;39m [36mc.s.h.controller.NoticeController       [0;39m [2m:[0;39m notice list 호출
[2m2021-11-20 23:59:17.223[0;39m [32m INFO[0;39m [35m18728[0;39m [2m---[0;39m [2m[p-nio-80-exec-6][0;39m [36mc.s.h.controller.NoticeController       [0;39m [2m:[0;39m notice list 호출
